<?xml version="1.0" encoding="UTF-8"?>
<testng-results ignored="0" total="1" passed="1" failed="0" skipped="0">
  <reporter-output>
  </reporter-output>
  <suite started-at="2023-02-22T18:31:04 IST" name="Default suite" finished-at="2023-02-22T18:31:04 IST" duration-ms="102">
    <groups>
    </groups>
    <test started-at="2023-02-22T18:31:04 IST" name="Default test" finished-at="2023-02-22T18:31:04 IST" duration-ms="102">
      <class name="Mounika_Packages.mounika">
        <test-method signature="Method1()[pri:0, instance:Mounika_Packages.mounika@9353778]" started-at="2023-02-22T18:31:04 IST" name="Method1" finished-at="2023-02-22T18:31:04 IST" duration-ms="22" status="PASS">
          <reporter-output>
          </reporter-output>
        </test-method> <!-- Method1 -->
      </class> <!-- Mounika_Packages.mounika -->
    </test> <!-- Default test -->
  </suite> <!-- Default suite -->
</testng-results>
